2025-06-03 17:43:30 [INFO] TC001_RegistrationPage - ***Start of Execution of TC001_RegistrationPage
2025-06-03 17:43:30 [INFO] TC001_RegistrationPage - Clicking on My Account link
2025-06-03 17:43:30 [INFO] TC001_RegistrationPage - Clicking on My Register link
2025-06-03 17:43:31 [INFO] TC001_RegistrationPage - Providing customer Details
2025-06-03 17:43:33 [INFO] TC001_RegistrationPage - Validating confirmation Message
2025-06-03 19:20:50 [INFO] TC001_RegistrationPage - ***Start of Execution of TC001_RegistrationPage
2025-06-03 19:20:50 [INFO] TC001_RegistrationPage - Clicking on My Account link
2025-06-03 19:20:50 [INFO] TC001_RegistrationPage - Clicking on My Register link
2025-06-03 19:20:52 [INFO] TC001_RegistrationPage - Providing customer Details
2025-06-03 19:20:54 [INFO] TC001_RegistrationPage - Validating confirmation Message
2025-06-03 19:20:54 [INFO] TC001_RegistrationPage - ***Finish of Execution of TC001_RegistrationPage
2025-06-03 19:21:32 [INFO] TC001_RegistrationPage - ***Start of Execution of TC001_RegistrationPage
2025-06-03 19:21:32 [INFO] TC001_RegistrationPage - Clicking on My Account link
2025-06-03 19:21:32 [INFO] TC001_RegistrationPage - Clicking on My Register link
2025-06-03 19:21:34 [INFO] TC001_RegistrationPage - Providing customer Details
2025-06-03 19:21:37 [INFO] TC001_RegistrationPage - Validating confirmation Message
2025-06-03 19:21:37 [INFO] TC001_RegistrationPage - ***Finish of Execution of TC001_RegistrationPage
2025-06-03 19:26:17 [INFO] TC001_RegistrationPage - ***Start of Execution of TC001_RegistrationPage
2025-06-03 19:26:17 [INFO] TC001_RegistrationPage - Clicking on My Account link
2025-06-03 19:26:17 [INFO] TC001_RegistrationPage - Clicking on My Register link
2025-06-03 19:26:18 [INFO] TC001_RegistrationPage - Providing customer Details
2025-06-03 19:26:21 [INFO] TC001_RegistrationPage - Validating confirmation Message
2025-06-03 19:26:21 [INFO] TC001_RegistrationPage - ***Finish of Execution of TC001_RegistrationPage
2025-06-03 19:26:26 [INFO] TC001_RegistrationPage - ***Start of Execution of TC001_RegistrationPage
2025-06-03 19:26:26 [INFO] TC001_RegistrationPage - Clicking on My Account link
2025-06-03 19:26:26 [INFO] TC001_RegistrationPage - Clicking on My Register link
2025-06-03 19:26:28 [INFO] TC001_RegistrationPage - Providing customer Details
2025-06-03 19:26:30 [INFO] TC001_RegistrationPage - Validating confirmation Message
2025-06-03 19:26:30 [INFO] TC001_RegistrationPage - ***Finish of Execution of TC001_RegistrationPage
2025-06-03 19:27:52 [INFO] TC001_RegistrationPage - ***Start of Execution of TC001_RegistrationPage
2025-06-03 19:27:52 [INFO] TC001_RegistrationPage - Clicking on My Account link
2025-06-03 19:27:52 [INFO] TC001_RegistrationPage - Clicking on My Register link
2025-06-03 19:27:53 [INFO] TC001_RegistrationPage - Providing customer Details
2025-06-03 19:27:55 [INFO] TC001_RegistrationPage - Validating confirmation Message
2025-06-03 19:27:55 [INFO] TC001_RegistrationPage - ***Finish of Execution of TC001_RegistrationPage
2025-06-03 22:28:53 [INFO] TC001_RegistrationPage - ***Start of Execution of TC001_RegistrationPage
2025-06-03 22:28:54 [INFO] TC001_RegistrationPage - Clicking on My Account link
2025-06-03 22:28:54 [INFO] TC001_RegistrationPage - Clicking on My Register link
2025-06-03 22:28:54 [INFO] TC001_RegistrationPage - ***Start of Execution of TC001_RegistrationPage
2025-06-03 22:28:54 [INFO] TC001_RegistrationPage - Clicking on My Account link
2025-06-03 22:28:54 [INFO] TC001_RegistrationPage - Clicking on My Register link
2025-06-03 22:28:55 [INFO] TC001_RegistrationPage - Providing customer Details
2025-06-03 22:28:56 [INFO] TC001_RegistrationPage - Providing customer Details
2025-06-03 22:28:58 [INFO] TC001_RegistrationPage - Validating confirmation Message
2025-06-03 22:28:58 [INFO] TC001_RegistrationPage - ***Finish of Execution of TC001_RegistrationPage
2025-06-03 22:29:01 [INFO] TC001_RegistrationPage - Validating confirmation Message
2025-06-03 22:29:01 [INFO] TC001_RegistrationPage - ***Finish of Execution of TC001_RegistrationPage
2025-06-03 22:29:03 [INFO] TC001_RegistrationPage - ***Start of Execution of TC001_RegistrationPage
2025-06-03 22:29:03 [INFO] TC001_RegistrationPage - Clicking on My Account link
2025-06-03 22:29:03 [INFO] TC001_RegistrationPage - Clicking on My Register link
2025-06-03 22:29:05 [INFO] TC001_RegistrationPage - Providing customer Details
2025-06-03 22:29:09 [INFO] TC001_RegistrationPage - Validating confirmation Message
2025-06-03 22:29:10 [INFO] TC001_RegistrationPage - ***Finish of Execution of TC001_RegistrationPage
2025-06-03 22:47:58 [INFO] TC001_RegistrationPage - ***Start of Execution of TC001_RegistrationPage
2025-06-03 22:47:58 [INFO] TC001_RegistrationPage - Clicking on My Account link
2025-06-03 22:47:58 [INFO] TC001_RegistrationPage - Clicking on My Register link
2025-06-03 22:48:00 [INFO] TC001_RegistrationPage - Providing customer Details
2025-06-03 22:48:03 [INFO] TC001_RegistrationPage - Validating confirmation Message
2025-06-03 22:48:03 [INFO] TC001_RegistrationPage - ***Finish of Execution of TC001_RegistrationPage
2025-06-04 13:27:01 [INFO] TC_002LoginTest - ***Start of TC_002LoginTest*** 
2025-06-04 13:27:02 [INFO] TC_002LoginTest - ***End of TC_002LoginTest*** 
2025-06-04 13:31:02 [INFO] TC_002LoginTest - ***Start of TC_002LoginTest*** 
2025-06-04 13:31:04 [INFO] TC_002LoginTest - ***End of TC_002LoginTest*** 
2025-06-04 13:33:24 [INFO] TC_002LoginTest - ***Start of TC_002LoginTest*** 
2025-06-04 13:33:26 [INFO] TC_002LoginTest - ***End of TC_002LoginTest*** 
2025-06-05 18:06:32 [DEBUG] PackageRelationshipCollection - Parsing relationship: /xl/_rels/workbook.xml.rels
2025-06-05 18:06:32 [DEBUG] PackageRelationshipCollection - Parsing relationship: /xl/worksheets/_rels/sheet1.xml.rels
2025-06-05 18:06:32 [DEBUG] PackageRelationshipCollection - Parsing relationship: /_rels/.rels
2025-06-05 18:06:32 [DEBUG] PackageRelationshipCollection - Parsing relationship: /xl/_rels/workbook.xml.rels
2025-06-05 18:06:32 [DEBUG] PackageRelationshipCollection - Parsing relationship: /xl/worksheets/_rels/sheet1.xml.rels
2025-06-05 18:06:32 [DEBUG] PackageRelationshipCollection - Parsing relationship: /_rels/.rels
2025-06-05 18:06:32 [DEBUG] PackageRelationshipCollection - Parsing relationship: /xl/_rels/workbook.xml.rels
2025-06-05 18:06:32 [DEBUG] PackageRelationshipCollection - Parsing relationship: /xl/worksheets/_rels/sheet1.xml.rels
2025-06-05 18:06:32 [DEBUG] PackageRelationshipCollection - Parsing relationship: /_rels/.rels
2025-06-05 18:06:32 [DEBUG] PackageRelationshipCollection - Parsing relationship: /xl/_rels/workbook.xml.rels
2025-06-05 18:06:32 [DEBUG] PackageRelationshipCollection - Parsing relationship: /xl/worksheets/_rels/sheet1.xml.rels
2025-06-05 18:06:32 [DEBUG] PackageRelationshipCollection - Parsing relationship: /_rels/.rels
2025-06-05 18:06:32 [DEBUG] PackageRelationshipCollection - Parsing relationship: /xl/_rels/workbook.xml.rels
2025-06-05 18:06:32 [DEBUG] PackageRelationshipCollection - Parsing relationship: /xl/worksheets/_rels/sheet1.xml.rels
2025-06-05 18:06:32 [DEBUG] PackageRelationshipCollection - Parsing relationship: /_rels/.rels
2025-06-05 18:06:32 [DEBUG] PackageRelationshipCollection - Parsing relationship: /xl/_rels/workbook.xml.rels
2025-06-05 18:06:32 [DEBUG] PackageRelationshipCollection - Parsing relationship: /xl/worksheets/_rels/sheet1.xml.rels
2025-06-05 18:06:32 [DEBUG] PackageRelationshipCollection - Parsing relationship: /_rels/.rels
2025-06-05 18:08:03 [DEBUG] PackageRelationshipCollection - Parsing relationship: /xl/_rels/workbook.xml.rels
2025-06-05 18:08:03 [DEBUG] PackageRelationshipCollection - Parsing relationship: /xl/worksheets/_rels/sheet1.xml.rels
2025-06-05 18:08:03 [DEBUG] PackageRelationshipCollection - Parsing relationship: /_rels/.rels
2025-06-05 18:08:04 [DEBUG] PackageRelationshipCollection - Parsing relationship: /xl/_rels/workbook.xml.rels
2025-06-05 18:08:04 [DEBUG] PackageRelationshipCollection - Parsing relationship: /xl/worksheets/_rels/sheet1.xml.rels
2025-06-05 18:08:04 [DEBUG] PackageRelationshipCollection - Parsing relationship: /_rels/.rels
2025-06-05 18:08:04 [DEBUG] PackageRelationshipCollection - Parsing relationship: /xl/_rels/workbook.xml.rels
2025-06-05 18:08:04 [DEBUG] PackageRelationshipCollection - Parsing relationship: /xl/worksheets/_rels/sheet1.xml.rels
2025-06-05 18:08:04 [DEBUG] PackageRelationshipCollection - Parsing relationship: /_rels/.rels
2025-06-05 18:08:04 [DEBUG] PackageRelationshipCollection - Parsing relationship: /xl/_rels/workbook.xml.rels
2025-06-05 18:08:04 [DEBUG] PackageRelationshipCollection - Parsing relationship: /xl/worksheets/_rels/sheet1.xml.rels
2025-06-05 18:08:04 [DEBUG] PackageRelationshipCollection - Parsing relationship: /_rels/.rels
2025-06-05 18:08:04 [DEBUG] PackageRelationshipCollection - Parsing relationship: /xl/_rels/workbook.xml.rels
2025-06-05 18:08:04 [DEBUG] PackageRelationshipCollection - Parsing relationship: /xl/worksheets/_rels/sheet1.xml.rels
2025-06-05 18:08:04 [DEBUG] PackageRelationshipCollection - Parsing relationship: /_rels/.rels
2025-06-05 18:08:04 [DEBUG] PackageRelationshipCollection - Parsing relationship: /xl/_rels/workbook.xml.rels
2025-06-05 18:08:04 [DEBUG] PackageRelationshipCollection - Parsing relationship: /xl/worksheets/_rels/sheet1.xml.rels
2025-06-05 18:08:04 [DEBUG] PackageRelationshipCollection - Parsing relationship: /_rels/.rels
2025-06-05 18:08:04 [DEBUG] PackageRelationshipCollection - Parsing relationship: /xl/_rels/workbook.xml.rels
2025-06-05 18:08:04 [DEBUG] PackageRelationshipCollection - Parsing relationship: /xl/worksheets/_rels/sheet1.xml.rels
2025-06-05 18:08:04 [DEBUG] PackageRelationshipCollection - Parsing relationship: /_rels/.rels
2025-06-05 18:08:04 [DEBUG] PackageRelationshipCollection - Parsing relationship: /xl/_rels/workbook.xml.rels
2025-06-05 18:08:04 [DEBUG] PackageRelationshipCollection - Parsing relationship: /xl/worksheets/_rels/sheet1.xml.rels
2025-06-05 18:08:04 [DEBUG] PackageRelationshipCollection - Parsing relationship: /_rels/.rels
2025-06-05 18:08:04 [DEBUG] PackageRelationshipCollection - Parsing relationship: /xl/_rels/workbook.xml.rels
2025-06-05 18:08:04 [DEBUG] PackageRelationshipCollection - Parsing relationship: /xl/worksheets/_rels/sheet1.xml.rels
2025-06-05 18:08:04 [DEBUG] PackageRelationshipCollection - Parsing relationship: /_rels/.rels
2025-06-05 18:08:04 [DEBUG] PackageRelationshipCollection - Parsing relationship: /xl/_rels/workbook.xml.rels
2025-06-05 18:08:04 [DEBUG] PackageRelationshipCollection - Parsing relationship: /xl/worksheets/_rels/sheet1.xml.rels
2025-06-05 18:08:04 [DEBUG] PackageRelationshipCollection - Parsing relationship: /_rels/.rels
2025-06-05 18:08:04 [DEBUG] PackageRelationshipCollection - Parsing relationship: /xl/_rels/workbook.xml.rels
2025-06-05 18:08:04 [DEBUG] PackageRelationshipCollection - Parsing relationship: /xl/worksheets/_rels/sheet1.xml.rels
2025-06-05 18:08:04 [DEBUG] PackageRelationshipCollection - Parsing relationship: /_rels/.rels
2025-06-05 18:08:04 [DEBUG] PackageRelationshipCollection - Parsing relationship: /xl/_rels/workbook.xml.rels
2025-06-05 18:08:04 [DEBUG] PackageRelationshipCollection - Parsing relationship: /xl/worksheets/_rels/sheet1.xml.rels
2025-06-05 18:08:04 [DEBUG] PackageRelationshipCollection - Parsing relationship: /_rels/.rels
2025-06-05 18:08:04 [DEBUG] PackageRelationshipCollection - Parsing relationship: /xl/_rels/workbook.xml.rels
2025-06-05 18:08:04 [DEBUG] PackageRelationshipCollection - Parsing relationship: /xl/worksheets/_rels/sheet1.xml.rels
2025-06-05 18:08:04 [DEBUG] PackageRelationshipCollection - Parsing relationship: /_rels/.rels
2025-06-05 18:08:04 [DEBUG] PackageRelationshipCollection - Parsing relationship: /xl/_rels/workbook.xml.rels
2025-06-05 18:08:04 [DEBUG] PackageRelationshipCollection - Parsing relationship: /xl/worksheets/_rels/sheet1.xml.rels
2025-06-05 18:08:04 [DEBUG] PackageRelationshipCollection - Parsing relationship: /_rels/.rels
2025-06-05 18:08:04 [INFO] TC003_DataDrivenTest - ***Start of TC003_DataDrivenTest***
2025-06-05 18:08:07 [INFO] TC003_DataDrivenTest - ***Finish of TC003_DataDrivenTest***
2025-06-05 18:08:07 [INFO] TC003_DataDrivenTest - ***Start of TC003_DataDrivenTest***
2025-06-05 18:08:12 [INFO] TC003_DataDrivenTest - ***Finish of TC003_DataDrivenTest***
2025-06-05 18:08:12 [INFO] TC003_DataDrivenTest - ***Start of TC003_DataDrivenTest***
2025-06-05 18:08:17 [INFO] TC003_DataDrivenTest - ***Finish of TC003_DataDrivenTest***
2025-06-05 18:08:17 [INFO] TC003_DataDrivenTest - ***Start of TC003_DataDrivenTest***
2025-06-05 18:08:22 [INFO] TC003_DataDrivenTest - ***Finish of TC003_DataDrivenTest***
2025-06-05 21:54:45 [INFO] TC_002LoginTest - ***Start of TC_002LoginTest*** 
2025-06-05 21:54:47 [INFO] TC_002LoginTest - ***End of TC_002LoginTest*** 
2025-06-05 21:55:51 [INFO] TC_002LoginTest - ***Start of TC_002LoginTest*** 
2025-06-05 21:55:53 [INFO] TC_002LoginTest - ***End of TC_002LoginTest*** 
2025-06-05 21:56:29 [INFO] TC001_RegistrationPage - ***Start of Execution of TC001_RegistrationPage
2025-06-05 21:56:29 [INFO] TC001_RegistrationPage - Clicking on My Account link
2025-06-05 21:56:29 [INFO] TC001_RegistrationPage - Clicking on My Register link
2025-06-05 21:56:30 [INFO] TC001_RegistrationPage - Providing customer Details
2025-06-05 21:56:32 [INFO] TC001_RegistrationPage - Validating confirmation Message
2025-06-05 21:56:32 [INFO] TC001_RegistrationPage - ***Finish of Execution of TC001_RegistrationPage
2025-06-05 21:57:06 [INFO] TC001_RegistrationPage - ***Start of Execution of TC001_RegistrationPage
2025-06-05 21:57:06 [INFO] TC001_RegistrationPage - Clicking on My Account link
2025-06-05 21:57:06 [INFO] TC001_RegistrationPage - Clicking on My Register link
2025-06-05 21:57:08 [INFO] TC001_RegistrationPage - Providing customer Details
2025-06-05 21:57:10 [INFO] TC001_RegistrationPage - Validating confirmation Message
2025-06-05 21:57:10 [INFO] TC001_RegistrationPage - ***Finish of Execution of TC001_RegistrationPage
2025-06-05 21:57:14 [INFO] TC_002LoginTest - ***Start of TC_002LoginTest*** 
2025-06-05 21:57:16 [INFO] TC_002LoginTest - ***End of TC_002LoginTest*** 
2025-06-06 15:14:01 [INFO] TC001_RegistrationPage - ***Start of Execution of TC001_RegistrationPage
2025-06-06 15:14:01 [INFO] TC001_RegistrationPage - Clicking on My Account link
2025-06-06 15:14:01 [INFO] TC001_RegistrationPage - Clicking on My Register link
2025-06-06 15:14:02 [INFO] TC001_RegistrationPage - Providing customer Details
2025-06-06 15:14:04 [INFO] TC001_RegistrationPage - Validating confirmation Message
2025-06-06 15:14:11 [INFO] TC_002LoginTest - ***Start of TC_002LoginTest*** 
2025-06-06 15:14:13 [INFO] TC_002LoginTest - ***End of TC_002LoginTest*** 
2025-06-06 17:31:07 [DEBUG] PackageRelationshipCollection - Parsing relationship: /xl/_rels/workbook.xml.rels
2025-06-06 17:31:07 [DEBUG] PackageRelationshipCollection - Parsing relationship: /xl/worksheets/_rels/sheet1.xml.rels
2025-06-06 17:31:07 [DEBUG] PackageRelationshipCollection - Parsing relationship: /_rels/.rels
2025-06-06 17:31:08 [DEBUG] PackageRelationshipCollection - Parsing relationship: /xl/_rels/workbook.xml.rels
2025-06-06 17:31:08 [DEBUG] PackageRelationshipCollection - Parsing relationship: /xl/worksheets/_rels/sheet1.xml.rels
2025-06-06 17:31:08 [DEBUG] PackageRelationshipCollection - Parsing relationship: /_rels/.rels
2025-06-06 17:31:08 [DEBUG] PackageRelationshipCollection - Parsing relationship: /xl/_rels/workbook.xml.rels
2025-06-06 17:31:08 [DEBUG] PackageRelationshipCollection - Parsing relationship: /xl/worksheets/_rels/sheet1.xml.rels
2025-06-06 17:31:08 [DEBUG] PackageRelationshipCollection - Parsing relationship: /_rels/.rels
2025-06-06 17:31:08 [DEBUG] PackageRelationshipCollection - Parsing relationship: /xl/_rels/workbook.xml.rels
2025-06-06 17:31:08 [DEBUG] PackageRelationshipCollection - Parsing relationship: /xl/worksheets/_rels/sheet1.xml.rels
2025-06-06 17:31:08 [DEBUG] PackageRelationshipCollection - Parsing relationship: /_rels/.rels
2025-06-06 17:31:08 [DEBUG] PackageRelationshipCollection - Parsing relationship: /xl/_rels/workbook.xml.rels
2025-06-06 17:31:08 [DEBUG] PackageRelationshipCollection - Parsing relationship: /xl/worksheets/_rels/sheet1.xml.rels
2025-06-06 17:31:08 [DEBUG] PackageRelationshipCollection - Parsing relationship: /_rels/.rels
2025-06-06 17:31:08 [DEBUG] PackageRelationshipCollection - Parsing relationship: /xl/_rels/workbook.xml.rels
2025-06-06 17:31:08 [DEBUG] PackageRelationshipCollection - Parsing relationship: /xl/worksheets/_rels/sheet1.xml.rels
2025-06-06 17:31:08 [DEBUG] PackageRelationshipCollection - Parsing relationship: /_rels/.rels
2025-06-06 17:31:08 [DEBUG] PackageRelationshipCollection - Parsing relationship: /xl/_rels/workbook.xml.rels
2025-06-06 17:31:08 [DEBUG] PackageRelationshipCollection - Parsing relationship: /xl/worksheets/_rels/sheet1.xml.rels
2025-06-06 17:31:08 [DEBUG] PackageRelationshipCollection - Parsing relationship: /_rels/.rels
2025-06-06 17:31:08 [DEBUG] PackageRelationshipCollection - Parsing relationship: /xl/_rels/workbook.xml.rels
2025-06-06 17:31:08 [DEBUG] PackageRelationshipCollection - Parsing relationship: /xl/worksheets/_rels/sheet1.xml.rels
2025-06-06 17:31:08 [DEBUG] PackageRelationshipCollection - Parsing relationship: /_rels/.rels
2025-06-06 17:31:08 [DEBUG] PackageRelationshipCollection - Parsing relationship: /xl/_rels/workbook.xml.rels
2025-06-06 17:31:08 [DEBUG] PackageRelationshipCollection - Parsing relationship: /xl/worksheets/_rels/sheet1.xml.rels
2025-06-06 17:31:08 [DEBUG] PackageRelationshipCollection - Parsing relationship: /_rels/.rels
2025-06-06 17:31:08 [DEBUG] PackageRelationshipCollection - Parsing relationship: /xl/_rels/workbook.xml.rels
2025-06-06 17:31:08 [DEBUG] PackageRelationshipCollection - Parsing relationship: /xl/worksheets/_rels/sheet1.xml.rels
2025-06-06 17:31:08 [DEBUG] PackageRelationshipCollection - Parsing relationship: /_rels/.rels
2025-06-06 17:31:08 [DEBUG] PackageRelationshipCollection - Parsing relationship: /xl/_rels/workbook.xml.rels
2025-06-06 17:31:08 [DEBUG] PackageRelationshipCollection - Parsing relationship: /xl/worksheets/_rels/sheet1.xml.rels
2025-06-06 17:31:08 [DEBUG] PackageRelationshipCollection - Parsing relationship: /_rels/.rels
2025-06-06 17:31:08 [DEBUG] PackageRelationshipCollection - Parsing relationship: /xl/_rels/workbook.xml.rels
2025-06-06 17:31:08 [DEBUG] PackageRelationshipCollection - Parsing relationship: /xl/worksheets/_rels/sheet1.xml.rels
2025-06-06 17:31:08 [DEBUG] PackageRelationshipCollection - Parsing relationship: /_rels/.rels
2025-06-06 17:31:08 [DEBUG] PackageRelationshipCollection - Parsing relationship: /xl/_rels/workbook.xml.rels
2025-06-06 17:31:08 [DEBUG] PackageRelationshipCollection - Parsing relationship: /xl/worksheets/_rels/sheet1.xml.rels
2025-06-06 17:31:08 [DEBUG] PackageRelationshipCollection - Parsing relationship: /_rels/.rels
2025-06-06 17:31:08 [DEBUG] PackageRelationshipCollection - Parsing relationship: /xl/_rels/workbook.xml.rels
2025-06-06 17:31:08 [DEBUG] PackageRelationshipCollection - Parsing relationship: /xl/worksheets/_rels/sheet1.xml.rels
2025-06-06 17:31:08 [DEBUG] PackageRelationshipCollection - Parsing relationship: /_rels/.rels
2025-06-06 17:31:58 [DEBUG] PackageRelationshipCollection - Parsing relationship: /xl/_rels/workbook.xml.rels
2025-06-06 17:31:58 [DEBUG] PackageRelationshipCollection - Parsing relationship: /xl/worksheets/_rels/sheet1.xml.rels
2025-06-06 17:31:58 [DEBUG] PackageRelationshipCollection - Parsing relationship: /_rels/.rels
2025-06-06 17:31:58 [DEBUG] PackageRelationshipCollection - Parsing relationship: /xl/_rels/workbook.xml.rels
2025-06-06 17:31:58 [DEBUG] PackageRelationshipCollection - Parsing relationship: /xl/worksheets/_rels/sheet1.xml.rels
2025-06-06 17:31:58 [DEBUG] PackageRelationshipCollection - Parsing relationship: /_rels/.rels
2025-06-06 17:31:58 [DEBUG] PackageRelationshipCollection - Parsing relationship: /xl/_rels/workbook.xml.rels
2025-06-06 17:31:58 [DEBUG] PackageRelationshipCollection - Parsing relationship: /xl/worksheets/_rels/sheet1.xml.rels
2025-06-06 17:31:58 [DEBUG] PackageRelationshipCollection - Parsing relationship: /_rels/.rels
2025-06-06 17:31:58 [DEBUG] PackageRelationshipCollection - Parsing relationship: /xl/_rels/workbook.xml.rels
2025-06-06 17:31:58 [DEBUG] PackageRelationshipCollection - Parsing relationship: /xl/worksheets/_rels/sheet1.xml.rels
2025-06-06 17:31:58 [DEBUG] PackageRelationshipCollection - Parsing relationship: /_rels/.rels
2025-06-06 17:31:58 [DEBUG] PackageRelationshipCollection - Parsing relationship: /xl/_rels/workbook.xml.rels
2025-06-06 17:31:58 [DEBUG] PackageRelationshipCollection - Parsing relationship: /xl/worksheets/_rels/sheet1.xml.rels
2025-06-06 17:31:58 [DEBUG] PackageRelationshipCollection - Parsing relationship: /_rels/.rels
2025-06-06 17:31:58 [DEBUG] PackageRelationshipCollection - Parsing relationship: /xl/_rels/workbook.xml.rels
2025-06-06 17:31:58 [DEBUG] PackageRelationshipCollection - Parsing relationship: /xl/worksheets/_rels/sheet1.xml.rels
2025-06-06 17:31:58 [DEBUG] PackageRelationshipCollection - Parsing relationship: /_rels/.rels
2025-06-06 17:31:58 [DEBUG] PackageRelationshipCollection - Parsing relationship: /xl/_rels/workbook.xml.rels
2025-06-06 17:31:58 [DEBUG] PackageRelationshipCollection - Parsing relationship: /xl/worksheets/_rels/sheet1.xml.rels
2025-06-06 17:31:58 [DEBUG] PackageRelationshipCollection - Parsing relationship: /_rels/.rels
2025-06-06 17:31:58 [DEBUG] PackageRelationshipCollection - Parsing relationship: /xl/_rels/workbook.xml.rels
2025-06-06 17:31:58 [DEBUG] PackageRelationshipCollection - Parsing relationship: /xl/worksheets/_rels/sheet1.xml.rels
2025-06-06 17:31:58 [DEBUG] PackageRelationshipCollection - Parsing relationship: /_rels/.rels
2025-06-06 17:31:58 [DEBUG] PackageRelationshipCollection - Parsing relationship: /xl/_rels/workbook.xml.rels
2025-06-06 17:31:58 [DEBUG] PackageRelationshipCollection - Parsing relationship: /xl/worksheets/_rels/sheet1.xml.rels
2025-06-06 17:31:58 [DEBUG] PackageRelationshipCollection - Parsing relationship: /_rels/.rels
2025-06-06 17:31:58 [DEBUG] PackageRelationshipCollection - Parsing relationship: /xl/_rels/workbook.xml.rels
2025-06-06 17:31:58 [DEBUG] PackageRelationshipCollection - Parsing relationship: /xl/worksheets/_rels/sheet1.xml.rels
2025-06-06 17:31:58 [DEBUG] PackageRelationshipCollection - Parsing relationship: /_rels/.rels
2025-06-06 17:31:58 [DEBUG] PackageRelationshipCollection - Parsing relationship: /xl/_rels/workbook.xml.rels
2025-06-06 17:31:58 [DEBUG] PackageRelationshipCollection - Parsing relationship: /xl/worksheets/_rels/sheet1.xml.rels
2025-06-06 17:31:58 [DEBUG] PackageRelationshipCollection - Parsing relationship: /_rels/.rels
2025-06-06 17:31:58 [DEBUG] PackageRelationshipCollection - Parsing relationship: /xl/_rels/workbook.xml.rels
2025-06-06 17:31:58 [DEBUG] PackageRelationshipCollection - Parsing relationship: /xl/worksheets/_rels/sheet1.xml.rels
2025-06-06 17:31:58 [DEBUG] PackageRelationshipCollection - Parsing relationship: /_rels/.rels
2025-06-06 17:31:58 [DEBUG] PackageRelationshipCollection - Parsing relationship: /xl/_rels/workbook.xml.rels
2025-06-06 17:31:58 [DEBUG] PackageRelationshipCollection - Parsing relationship: /xl/worksheets/_rels/sheet1.xml.rels
2025-06-06 17:31:58 [DEBUG] PackageRelationshipCollection - Parsing relationship: /_rels/.rels
2025-06-06 17:31:59 [DEBUG] PackageRelationshipCollection - Parsing relationship: /xl/_rels/workbook.xml.rels
2025-06-06 17:31:59 [DEBUG] PackageRelationshipCollection - Parsing relationship: /xl/worksheets/_rels/sheet1.xml.rels
2025-06-06 17:31:59 [DEBUG] PackageRelationshipCollection - Parsing relationship: /_rels/.rels
2025-06-06 17:38:30 [INFO] TC001_RegistrationPage - ***Start of Execution of TC001_RegistrationPage
2025-06-06 17:38:30 [INFO] TC001_RegistrationPage - Clicking on My Account link
2025-06-06 17:38:30 [INFO] TC001_RegistrationPage - Clicking on My Register link
2025-06-06 17:38:31 [INFO] TC001_RegistrationPage - Providing customer Details
2025-06-06 17:38:34 [INFO] TC001_RegistrationPage - Validating confirmation Message
2025-06-06 17:38:34 [INFO] TC001_RegistrationPage - ***Finish of Execution of TC001_RegistrationPage
2025-06-06 17:38:38 [INFO] TC_002LoginTest - ***Start of TC_002LoginTest*** 
2025-06-06 17:38:40 [INFO] TC_002LoginTest - ***End of TC_002LoginTest*** 
2025-06-06 17:39:09 [INFO] TC001_RegistrationPage - ***Start of Execution of TC001_RegistrationPage
2025-06-06 17:39:09 [INFO] TC001_RegistrationPage - Clicking on My Account link
2025-06-06 17:39:10 [INFO] TC001_RegistrationPage - Clicking on My Register link
2025-06-06 17:39:11 [INFO] TC001_RegistrationPage - Providing customer Details
2025-06-06 17:39:13 [INFO] TC001_RegistrationPage - Validating confirmation Message
2025-06-06 17:39:13 [INFO] TC001_RegistrationPage - ***Finish of Execution of TC001_RegistrationPage
2025-06-06 17:39:17 [INFO] TC_002LoginTest - ***Start of TC_002LoginTest*** 
2025-06-06 17:39:19 [INFO] TC_002LoginTest - ***End of TC_002LoginTest*** 
2025-06-06 17:39:42 [INFO] TC001_RegistrationPage - ***Start of Execution of TC001_RegistrationPage
2025-06-06 17:39:42 [INFO] TC001_RegistrationPage - Clicking on My Account link
2025-06-06 17:39:42 [INFO] TC_002LoginTest - ***Start of TC_002LoginTest*** 
2025-06-06 17:41:31 [INFO] TC001_RegistrationPage - ***Start of Execution of TC001_RegistrationPage
2025-06-06 17:41:31 [INFO] TC001_RegistrationPage - Clicking on My Account link
2025-06-06 17:41:31 [INFO] TC_002LoginTest - ***Start of TC_002LoginTest*** 
2025-06-06 17:43:59 [INFO] TC001_RegistrationPage - ***Start of Execution of TC001_RegistrationPage
2025-06-06 17:43:59 [INFO] TC001_RegistrationPage - Clicking on My Account link
2025-06-06 17:43:59 [INFO] TC001_RegistrationPage - Clicking on My Register link
2025-06-06 17:44:00 [INFO] TC001_RegistrationPage - Providing customer Details
2025-06-06 17:44:03 [INFO] TC001_RegistrationPage - Validating confirmation Message
2025-06-06 17:44:03 [INFO] TC001_RegistrationPage - ***Finish of Execution of TC001_RegistrationPage
2025-06-06 17:44:07 [INFO] TC_002LoginTest - ***Start of TC_002LoginTest*** 
2025-06-06 17:44:10 [INFO] TC_002LoginTest - ***End of TC_002LoginTest*** 
2025-06-06 17:44:59 [INFO] TC001_RegistrationPage - ***Start of Execution of TC001_RegistrationPage
2025-06-06 17:44:59 [INFO] TC001_RegistrationPage - Clicking on My Account link
2025-06-06 17:45:01 [INFO] TC_002LoginTest - ***Start of TC_002LoginTest*** 
2025-06-08 02:38:54 [INFO] TC001_RegistrationPage - ***Start of Execution of TC001_RegistrationPage
2025-06-08 02:38:54 [INFO] TC001_RegistrationPage - Clicking on My Account link
2025-06-08 02:38:54 [INFO] TC001_RegistrationPage - Clicking on My Register link
2025-06-08 02:38:55 [INFO] TC001_RegistrationPage - Providing customer Details
2025-06-08 02:38:57 [INFO] TC001_RegistrationPage - Validating confirmation Message
2025-06-08 02:38:57 [INFO] TC001_RegistrationPage - ***Finish of Execution of TC001_RegistrationPage
2025-06-08 02:44:29 [INFO] TC_002LoginTest - ***Start of TC_002LoginTest*** 
2025-06-08 02:44:32 [INFO] TC_002LoginTest - ***End of TC_002LoginTest*** 
2025-06-08 02:46:16 [INFO] TC001_RegistrationPage - ***Start of Execution of TC001_RegistrationPage
2025-06-08 02:46:16 [INFO] TC001_RegistrationPage - Clicking on My Account link
2025-06-08 02:46:16 [INFO] TC_002LoginTest - ***Start of TC_002LoginTest*** 
2025-06-09 17:32:34 [INFO] TC001_RegistrationPage - ***Start of Execution of TC001_RegistrationPage
2025-06-09 17:32:34 [INFO] TC001_RegistrationPage - Clicking on My Account link
2025-06-09 17:32:35 [INFO] TC001_RegistrationPage - Clicking on My Register link
2025-06-09 17:32:37 [INFO] TC001_RegistrationPage - Providing customer Details
2025-06-09 17:32:38 [INFO] TC001_RegistrationPage - Validating confirmation Message
2025-06-09 17:32:38 [INFO] TC001_RegistrationPage - ***Finish of Execution of TC001_RegistrationPage
2025-06-09 17:32:42 [INFO] TC_002LoginTest - ***Start of TC_002LoginTest*** 
2025-06-09 17:32:44 [INFO] TC_002LoginTest - ***End of TC_002LoginTest*** 
2025-06-09 18:32:13 [INFO] TC001_RegistrationPage - ***Start of Execution of TC001_RegistrationPage
2025-06-09 18:32:13 [INFO] TC001_RegistrationPage - Clicking on My Account link
2025-06-09 18:32:14 [INFO] TC001_RegistrationPage - Clicking on My Register link
2025-06-09 18:32:15 [INFO] TC001_RegistrationPage - Providing customer Details
2025-06-09 18:32:17 [INFO] TC001_RegistrationPage - Validating confirmation Message
2025-06-09 18:32:17 [INFO] TC001_RegistrationPage - ***Finish of Execution of TC001_RegistrationPage
2025-06-09 18:32:23 [INFO] TC_002LoginTest - ***Start of TC_002LoginTest*** 
2025-06-09 18:32:25 [INFO] TC_002LoginTest - ***End of TC_002LoginTest*** 
2025-06-09 18:53:15 [INFO] TC001_RegistrationPage - ***Start of Execution of TC001_RegistrationPage
2025-06-09 18:53:15 [INFO] TC001_RegistrationPage - Clicking on My Account link
2025-06-09 18:53:16 [INFO] TC001_RegistrationPage - Clicking on My Register link
2025-06-09 18:53:17 [INFO] TC001_RegistrationPage - Providing customer Details
2025-06-09 18:53:19 [INFO] TC001_RegistrationPage - Validating confirmation Message
2025-06-09 18:53:19 [INFO] TC001_RegistrationPage - ***Finish of Execution of TC001_RegistrationPage
2025-06-09 18:53:23 [INFO] TC_002LoginTest - ***Start of TC_002LoginTest*** 
2025-06-09 18:53:25 [INFO] TC_002LoginTest - ***End of TC_002LoginTest*** 
